2025-04-15T16:50:30.3666651Z ##[section]Starting: Deploy Azure App Service
2025-04-15T16:50:30.3680209Z ==============================================================================
2025-04-15T16:50:30.3680383Z Task         : Azure App Service deploy
2025-04-15T16:50:30.3680483Z Description  : Deploy to Azure App Service a web, mobile, or API app using Docker, Java, .NET, .NET Core, Node.js, PHP, Python, or Ruby
2025-04-15T16:50:30.3680642Z Version      : 4.255.1
2025-04-15T16:50:30.3680733Z Author       : Microsoft Corporation
2025-04-15T16:50:30.3680833Z Help         : https://aka.ms/azureappservicetroubleshooting
2025-04-15T16:50:30.3680931Z ==============================================================================
2025-04-15T16:50:30.8764010Z Got service connection details for Azure App Service:'connect-insight-api-sit'
2025-04-15T16:50:36.2671494Z Package deployment using ZIP Deploy initiated.
2025-04-15T16:58:41.2361508Z Updating submodules.
2025-04-15T16:58:41.2364737Z Preparing deployment for commit id 'b5ee8b5a-4'.
2025-04-15T16:58:41.2365122Z PreDeployment: context.CleanOutputPath False
2025-04-15T16:58:41.2365363Z PreDeployment: context.OutputPath /home/site/wwwroot
2025-04-15T16:58:41.2365640Z Repository path is /tmp/zipdeploy/extracted
2025-04-15T16:58:41.2365856Z Running oryx build...
2025-04-15T16:58:42.0910163Z Command: oryx build /tmp/zipdeploy/extracted -o /home/site/wwwroot --platform nodejs --platform-version 12 -p virtualenv_name= --log-file /tmp/build-debug.log  -i /tmp/8dd7c3db7dcf59d -p compress_node_modules=tar-gz | tee /tmp/oryx-build.log
2025-04-15T16:58:42.0910666Z Operation performed by Microsoft Oryx, https://github.com/Microsoft/Oryx
2025-04-15T16:58:42.0910913Z You can report issues at https://github.com/Microsoft/Oryx/issues
2025-04-15T16:58:42.0911015Z 
2025-04-15T16:58:42.0911248Z Oryx Version: 0.2.20221205.2, Commit: e2ea9ca8dfd8735806c86a91c27cabbe0b3d5510, ReleaseTagName: 20221205.2
2025-04-15T16:58:42.0911408Z 
2025-04-15T16:58:42.0911597Z Build Operation ID: |DOQPVGlYlL8=.1a999469_
2025-04-15T16:58:42.0911847Z Repository Commit : b5ee8b5a-4192-4819-b945-99a74da93953
2025-04-15T16:58:42.0911947Z 
2025-04-15T16:58:42.0912102Z Detecting platforms...
2025-04-15T16:58:42.0912322Z Detected following platforms:
2025-04-15T16:58:42.0912544Z   nodejs: 12.22.12
2025-04-15T16:58:42.0912614Z 
2025-04-15T16:58:42.0912792Z Using intermediate directory '/tmp/8dd7c3db7dcf59d'.
2025-04-15T16:58:42.0912888Z 
2025-04-15T16:58:42.0913076Z Copying files to the intermediate directory...
2025-04-15T16:58:42.0913265Z Done in 1 sec(s).
2025-04-15T16:58:42.0913347Z 
2025-04-15T16:58:42.0913517Z Source directory     : /tmp/8dd7c3db7dcf59d
2025-04-15T16:58:42.0913703Z Destination directory: /home/site/wwwroot
2025-04-15T16:58:42.0913801Z 
2025-04-15T16:58:42.0913961Z Removing existing manifest file
2025-04-15T16:58:42.0914178Z Creating directory for command manifest file if it does not exist
2025-04-15T16:58:42.0914390Z Creating a manifest file...
2025-04-15T16:58:42.0914580Z Node Build Command Manifest file created.
2025-04-15T16:58:42.0914668Z 
2025-04-15T16:58:42.0914816Z Using Node version:
2025-04-15T16:58:42.0914976Z v12.22.12
2025-04-15T16:58:42.0915037Z 
2025-04-15T16:58:42.0915188Z Using Yarn version:
2025-04-15T16:58:42.0915691Z 1.22.15
2025-04-15T16:58:42.0915749Z 
2025-04-15T16:58:42.0915921Z Running 'yarn install --prefer-offline'...
2025-04-15T16:58:42.0916079Z 
2025-04-15T16:58:42.0916231Z yarn install v1.22.15
2025-04-15T16:58:42.0916406Z [1/4] Resolving packages...
2025-04-15T16:58:42.0916767Z warning package-lock.json found. Your project contains lock files generated by tools other than Yarn. It is advised not to mix package managers in order to avoid resolution inconsistencies caused by unsynchronized lock files. To clear this warning, remove package-lock.json.
2025-04-15T16:58:42.0917201Z warning @compodoc/compodoc > vis@4.21.0-EOL: Please consider using https://github.com/visjs
2025-04-15T16:58:42.0917535Z warning azure-keyvault@3.0.5: This package has been deprecated. Please use @azure/keyvault-keys, @azure/keyvault-secrets or @azure/keyvault-certificates instead
2025-04-15T16:58:42.0918157Z warning azure-keyvault > ms-rest-azure > uuid@3.4.0: Please upgrade  to version 7 or higher.  Older versions may use Math.random() in certain circumstances, which is known to be problematic.  See https://v8.dev/blog/math-random for details.
2025-04-15T16:58:42.0918655Z warning azure-keyvault > ms-rest > uuid@3.4.0: Please upgrade  to version 7 or higher.  Older versions may use Math.random() in certain circumstances, which is known to be problematic.  See https://v8.dev/blog/math-random for details.
2025-04-15T16:58:42.0919067Z warning azure-keyvault > ms-rest-azure > adal-node@0.2.4: This package is no longer supported. Please migrate to @azure/msal-node.
2025-04-15T16:58:42.0919495Z warning azure-keyvault > ms-rest-azure > adal-node > uuid@3.4.0: Please upgrade  to version 7 or higher.  Older versions may use Math.random() in certain circumstances, which is known to be problematic.  See https://v8.dev/blog/math-random for details.
2025-04-15T16:58:42.0919926Z warning azure-keyvault > ms-rest-azure > request@2.88.2: request has been deprecated, see https://github.com/request/request/issues/3142
2025-04-15T16:58:42.0920187Z [2/4] Fetching packages...
2025-04-15T16:58:42.0920402Z info There appears to be trouble with your network connection. Retrying...
2025-04-15T16:58:42.0920656Z info There appears to be trouble with your network connection. Retrying...
2025-04-15T16:58:42.0920905Z info There appears to be trouble with your network connection. Retrying...
2025-04-15T16:58:42.0921152Z info There appears to be trouble with your network connection. Retrying...
2025-04-15T16:58:42.0921398Z info There appears to be trouble with your network connection. Retrying...
2025-04-15T16:58:42.0921644Z info There appears to be trouble with your network connection. Retrying...
2025-04-15T16:58:42.0921931Z info If you think this is a bug, please open a bug report with the information provided in "/tmp/8dd7c3db7dcf59d/yarn-error.log".
2025-04-15T16:58:42.0922217Z info Visit https://yarnpkg.com/en/docs/cli/install for documentation about this command.
2025-04-15T16:58:42.0922504Z error An unexpected error occurred: "https://registry.yarnpkg.com/rxjs/-/rxjs-7.8.1.tgz: ESOCKETTIMEDOUT".
2025-04-15T16:58:42.0922780Z info There appears to be trouble with your network connection. Retrying...
2025-04-15T16:58:42.0923030Z info There appears to be trouble with your network connection. Retrying...
2025-04-15T16:58:42.0924670Z warning package-lock.json found. Your project contains lock files generated by tools other than Yarn. It is advised not to mix package managers in order to avoid resolution inconsistencies caused by unsynchronized lock files. To clear this warning, remove package-lock.json.\nwarning @compodoc/compodoc > vis@4.21.0-EOL: Please consider using https://github.com/visjs\nwarning azure-keyvault@3.0.5: This package has been deprecated. Please use @azure/keyvault-keys, @azure/keyvault-secrets or @azure/keyvault-certificates instead\nwarning azure-keyvault > ms-rest-azure > uuid@3.4.0: Please upgrade  to version 7 or higher.  Older versions may use Math.random() in certain circumstances, which is known to be problematic.  See https://v8.dev/blog/math-random for details.\nwarning azure-keyvault > ms-rest > uuid@3.4.0: Please upgrade  to version 7 or higher.  Older versions may use Math.random() in certain circumstances, which is known to be problematic.  See https://v8.dev/blog/math-random for details.\nwarning azure-keyvault > ms-rest-azure > adal-node@0.2.4: This package is no longer supported. Please migrate to @azure/msal-node.\nwarning azure-keyvault > ms-rest-azure > adal-node > uuid@3.4.0: Please upgrade  to version 7 or higher.  Older versions may use Math.random() in certain circumstances, which is known to be problematic.  See https://v8.dev/blog/math-random for details.\nwarning azure-keyvault > ms-rest-azure > request@2.88.2: request has been deprecated, see https://github.com/request/request/issues/3142\nerror An unexpected error occurred: "https://registry.yarnpkg.com/rxjs/-/rxjs-7.8.1.tgz: ESOCKETTIMEDOUT".\n/bin/bash -c "oryx build /tmp/zipdeploy/extracted -o /home/site/wwwroot --platform nodejs --platform-version 12 -p virtualenv_name= --log-file /tmp/build-debug.log  -i /tmp/8dd7c3db7dcf59d -p compress_node_modules=tar-gz | tee /tmp/oryx-build.log ; exit $PIPESTATUS "
2025-04-15T16:58:42.0926264Z 
2025-04-15T16:58:42.0926436Z Generating summary of Oryx build
2025-04-15T16:58:42.0926618Z Parsing the build logs
2025-04-15T16:58:42.0926786Z Found 0 issue(s)
2025-04-15T16:58:42.0926853Z 
2025-04-15T16:58:42.0927000Z Build Summary :
2025-04-15T16:58:42.0927170Z ===============
2025-04-15T16:58:42.0927324Z Errors (0)
2025-04-15T16:58:42.0927513Z Warnings (0)
2025-04-15T16:58:42.0927577Z 
2025-04-15T16:58:42.0927795Z Deployment Failed. deployer = VSTS_ZIP_DEPLOY deploymentPath = ZipDeploy. Extract zip. Remote build.
2025-04-15T16:58:42.0949085Z ##[error]Failed to deploy web package to App Service.
2025-04-15T16:58:42.0956732Z ##[error]Error: Package deployment using ZIP Deploy failed. Refer logs for more details.
2025-04-15T16:58:45.5033630Z Successfully added release annotation to the Application Insight : connect-insight-api-sit202105252010
2025-04-15T16:58:49.1072914Z Successfully updated deployment History at https://connect-insight-api-sit.scm.azurewebsites.net/api/deployments/22621744736325503
2025-04-15T16:58:49.9465413Z App Service Application URL: http://connect-insight-api-sit.azurewebsites.net
2025-04-15T16:58:49.9550565Z ##[section]Finishing: Deploy Azure App Service
